<?xml version="1.0" encoding="UTF-8"?>
<testsuite name="ru.stqa.pft.testslavr.tests.ProjectCreationTests" tests="1" skipped="0" failures="0" errors="0" timestamp="2020-09-15T12:54:16" hostname="DESKTOP-1FLF7D3" time="12.734">
  <properties/>
  <testcase name="testProjectCreation" classname="ru.stqa.pft.testslavr.tests.ProjectCreationTests" time="12.734"/>
  <system-out><![CDATA[GAVR
Ссылка после открытия нового проекта: http://localhost:8080/project/124/overview
5D94B575-0A7A-4C8A-A729-A8F9C7388919
Текущий url: http://localhost:8080/project/124/overview
5D94B575-0A7A-4C8A-A729-A8F9C7388919
true
Id проекта: 124
]]></system-out>
  <system-err><![CDATA[Starting ChromeDriver 85.0.4183.87 (cd6713ebf92fa1cacc0f1a598df280093af0c5d7-refs/branch-heads/4183@{#1689}) on port 15884
Only local connections are allowed.
Please see https://chromedriver.chromium.org/security-considerations for suggestions on keeping ChromeDriver safe.
ChromeDriver was started successfully.
сен 15, 2020 3:54:10 PM org.openqa.selenium.remote.ProtocolHandshake createSession
INFO: Detected dialect: W3C
]]></system-err>
</testsuite>
