<?xml version="1.0" encoding="UTF-8"?>
<testsuite name="ru.stqa.pft.testslavr.GroupCreationTests" tests="1" skipped="0" failures="0" errors="0" timestamp="2020-09-09T11:35:42" hostname="DESKTOP-1FLF7D3" time="4.094">
  <properties/>
  <testcase name="testGroupCreation" classname="ru.stqa.pft.testslavr.GroupCreationTests" time="4.094"/>
  <system-out><![CDATA[Ссылка после открытия нового проекта: http://localhost:8080/project/80/overview
TEST32
Текущий url: http://localhost:8080/project/80/overview
TEST32
true
Id проекта: 80
]]></system-out>
  <system-err><![CDATA[SLF4J: Failed to load class "org.slf4j.impl.StaticLoggerBinder".
SLF4J: Defaulting to no-operation (NOP) logger implementation
SLF4J: See http://www.slf4j.org/codes.html#StaticLoggerBinder for further details.
Starting ChromeDriver 85.0.4183.83 (94abc2237ae0c9a4cb5f035431c8adfb94324633-refs/branch-heads/4183@{#1658}) on port 31121
Only local connections are allowed.
Please see https://chromedriver.chromium.org/security-considerations for suggestions on keeping ChromeDriver safe.
ChromeDriver was started successfully.
сен 09, 2020 2:35:38 PM org.openqa.selenium.remote.ProtocolHandshake createSession
INFO: Detected dialect: W3C
]]></system-err>
</testsuite>
