<?xml version="1.0" encoding="UTF-8"?>
<testsuite name="ru.stqa.pft.testslavr.tests.ProjectCreationTests" tests="1" skipped="0" failures="0" errors="0" timestamp="2020-09-15T13:37:53" hostname="DESKTOP-1FLF7D3" time="11.307">
  <properties/>
  <testcase name="testProjectCreation" classname="ru.stqa.pft.testslavr.tests.ProjectCreationTests" time="11.307"/>
  <system-out><![CDATA[GAVR
Ссылка после открытия нового проекта: http://localhost:8080/project/125/overview
03923D19-8DD9-41D8-94ED-8A2A5E1C173C
Текущий url: http://localhost:8080/project/125/overview
03923D19-8DD9-41D8-94ED-8A2A5E1C173C
true
Id проекта: 125
]]></system-out>
  <system-err><![CDATA[Starting ChromeDriver 85.0.4183.87 (cd6713ebf92fa1cacc0f1a598df280093af0c5d7-refs/branch-heads/4183@{#1689}) on port 17783
Only local connections are allowed.
Please see https://chromedriver.chromium.org/security-considerations for suggestions on keeping ChromeDriver safe.
ChromeDriver was started successfully.
сен 15, 2020 4:37:48 PM org.openqa.selenium.remote.ProtocolHandshake createSession
INFO: Detected dialect: W3C
]]></system-err>
</testsuite>
