<?xml version="1.0" encoding="UTF-8"?>
<testsuite name="ru.stqa.pft.testslavr.tests.PersonCreationTests" tests="1" skipped="0" failures="0" errors="0" timestamp="2020-12-01T13:29:35" hostname="DESKTOP-1FLF7D3" time="26.393">
  <properties/>
  <testcase name="testPersonCreation" classname="ru.stqa.pft.testslavr.tests.PersonCreationTests" time="26.393"/>
  <system-out><![CDATA[GAVR
623543e9-fbd1-42b4-a76f-d261d4166ffa
100 %
true
3
1
5
]]></system-out>
  <system-err><![CDATA[Starting ChromeDriver 86.0.4240.22 (398b0743353ff36fb1b82468f63a3a93b4e2e89e-refs/branch-heads/4240@{#378}) on port 26185
Only local connections are allowed.
Please see https://chromedriver.chromium.org/security-considerations for suggestions on keeping ChromeDriver safe.
ChromeDriver was started successfully.
дек 01, 2020 4:29:31 PM org.openqa.selenium.remote.ProtocolHandshake createSession
INFO: Detected dialect: W3C
]]></system-err>
</testsuite>
